<?xml version="1.0" encoding="UTF-8"?>
<!-- Generated by org.testng.reporters.JUnitReportReporter -->
<testsuite hostname="SAGAR-PC" name="com.sag.rest.RestAdvance" tests="1" failures="0" timestamp="18 Nov 2017 08:55:17 GMT" time="0.016" errors="0">
  <testcase name="check" time="0.016" classname="com.sag.rest.RestAdvance"/>
</testsuite> <!-- com.sag.rest.RestAdvance -->
