<?xml version="1.0" encoding="UTF-8"?>
<!-- Generated by org.testng.reporters.JUnitReportReporter -->
<testsuite hostname="SAGAR-PC" name="com.sag.resttest.AdvanceTest" tests="1" failures="0" timestamp="6 Nov 2017 17:33:01 GMT" time="2.387" errors="0">
  <testcase name="testCheck" time="2.387" classname="com.sag.resttest.AdvanceTest"/>
</testsuite> <!-- com.sag.resttest.AdvanceTest -->
