<?xml version="1.0" encoding="UTF-8"?>
<!-- Generated by org.testng.reporters.JUnitReportReporter -->
<testsuite hostname="SAGAR-PC" name="com.sag.resttest.RestTestTest" tests="1" failures="0" timestamp="5 Nov 2017 06:06:57 GMT" time="2.919" errors="0">
  <testcase name="f" time="2.919" classname="com.sag.resttest.RestTestTest"/>
</testsuite> <!-- com.sag.resttest.RestTestTest -->
